  4.20.c
H:\code-practice\Project1\Project1\4.20.c(57,8): warning C4013: “printf”未定义；假设外部返回 int
H:\code-practice\Project1\Project1\4.20.c(71,8): warning C4013: “scanf”未定义；假设外部返回 int
4.20.obj : error LNK2019: 无法解析的外部符号 _printf，函数 _game 中引用了该符号
4.20.obj : error LNK2019: 无法解析的外部符号 _scanf，函数 _game 中引用了该符号
H:\code-practice\Project1\Debug\Project1.exe : fatal error LNK1120: 2 个无法解析的外部命令
